<?xml version="1.0" encoding="UTF-8"?>
<!-- Generated by org.testng.reporters.JUnitReportReporter -->
<testsuite hostname="rud-PC" failures="0" tests="1" name="testMainPage.ValidateHeader1" time="0.040" errors="0" timestamp="14 Jul 2022 22:28:59 GMT">
  <testcase classname="testMainPage.ValidateHeader1" name="validateHeader1" time="0.040"/>
</testsuite> <!-- testMainPage.ValidateHeader1 -->
