<?xml version="1.0" encoding="UTF-8"?>
<!-- Generated by org.testng.reporters.JUnitReportReporter -->
<testsuite hostname="rud-PC" failures="0" tests="1" name="testsLoginPage.UnsuccessfulLoginWithWrongCredentials" time="0.270" errors="0" timestamp="13 Jul 2022 21:58:06 GMT">
  <testcase classname="testsLoginPage.UnsuccessfulLoginWithWrongCredentials" name="validateHeader1" time="0.270"/>
</testsuite> <!-- testsLoginPage.UnsuccessfulLoginWithWrongCredentials -->
