<?xml version="1.0" encoding="UTF-8"?>
<!-- Generated by org.testng.reporters.JUnitReportReporter -->
<testsuite hostname="rud-PC" failures="0" tests="1" name="Tests.ValidateHeader3" time="0.033" errors="0" timestamp="11 Jul 2022 20:22:21 GMT">
  <testcase classname="Tests.ValidateHeader3" name="validateHeader2" time="0.033"/>
</testsuite> <!-- Tests.ValidateHeader3 -->
