<?xml version="1.0" encoding="UTF-8"?>
<!-- Generated by org.testng.reporters.JUnitReportReporter -->
<testsuite hostname="rud-PC" failures="0" tests="1" name="testsJavaPage.ValidateChaptersButtons" time="0.046" errors="0" timestamp="12 Jul 2022 09:47:32 GMT">
  <testcase classname="testsJavaPage.ValidateChaptersButtons" name="chapterButtons" time="0.046"/>
</testsuite> <!-- testsJavaPage.ValidateChaptersButtons -->
