<?xml version="1.0" encoding="UTF-8"?>
<!-- Generated by org.testng.reporters.JUnitReportReporter -->
<testsuite hostname="rud-PC" failures="0" tests="1" name="Tests.ValidateLogo" time="0.049" errors="0" timestamp="11 Jul 2022 19:54:37 GMT">
  <testcase classname="Tests.ValidateLogo" name="validateLogo" time="0.049"/>
</testsuite> <!-- Tests.ValidateLogo -->
