<?xml version="1.0" encoding="UTF-8"?>
<!-- Generated by org.testng.reporters.JUnitReportReporter -->
<testsuite hostname="rud-PC" failures="0" tests="1" name="testsJavaPage.JavaChaptersTitlesTest" time="1.029" errors="0" timestamp="13 Jul 2022 21:58:06 GMT">
  <testcase classname="testsJavaPage.JavaChaptersTitlesTest" name="javaChaptersTitlesText" time="1.029"/>
</testsuite> <!-- testsJavaPage.JavaChaptersTitlesTest -->
