<?xml version="1.0" encoding="UTF-8"?>
<!-- Generated by org.testng.reporters.JUnitReportReporter -->
<testsuite hostname="rud-PC" failures="0" tests="1" name="Tests.ValidateNavigationBar" time="0.044" errors="0" timestamp="11 Jul 2022 20:25:25 GMT">
  <testcase classname="Tests.ValidateNavigationBar" name="validateNavigationBar" time="0.044"/>
</testsuite> <!-- Tests.ValidateNavigationBar -->
