<?xml version="1.0" encoding="UTF-8"?>
<!-- Generated by org.testng.reporters.JUnitReportReporter -->
<testsuite hostname="rud-PC" failures="0" tests="1" name="Tests.ValidateHeader1" time="0.034" errors="0" timestamp="11 Jul 2022 20:16:49 GMT">
  <testcase classname="Tests.ValidateHeader1" name="validateHeader1" time="0.034"/>
</testsuite> <!-- Tests.ValidateHeader1 -->
