<?xml version="1.0" encoding="UTF-8"?>
<!-- Generated by org.testng.reporters.JUnitReportReporter -->
<testsuite hostname="rud-PC" failures="0" tests="1" name="Tests.ValidateTitle" time="0.013" errors="0" timestamp="11 Jul 2022 19:54:14 GMT">
  <testcase classname="Tests.ValidateTitle" name="validateTitle" time="0.013"/>
</testsuite> <!-- Tests.ValidateTitle -->
