<?xml version="1.0" encoding="UTF-8"?>
<!-- Generated by org.testng.reporters.JUnitReportReporter -->
<testsuite hostname="rud-PC" failures="0" tests="1" name="testsJavaPage.test1" time="7.926" errors="0" timestamp="13 Jul 2022 19:29:39 GMT">
  <testcase classname="testsJavaPage.test1" name="test12" time="7.926"/>
</testsuite> <!-- testsJavaPage.test1 -->
